<?xml version="1.0" encoding="UTF-8"?>
<testng-results skipped="0" failed="0" total="1" passed="1">
  <reporter-output>
  </reporter-output>
  <suite name="Default suite" duration-ms="10487" started-at="2019-10-28T20:44:35Z" finished-at="2019-10-28T20:44:45Z">
    <groups>
    </groups>
    <test name="Default test" duration-ms="10487" started-at="2019-10-28T20:44:35Z" finished-at="2019-10-28T20:44:45Z">
      <class name="dummyapiexample.restapi.tests.RestAPIExampleTests">
        <test-method status="PASS" signature="beforeTest()[pri:0, instance:dummyapiexample.restapi.tests.RestAPIExampleTests@47f37ef1]" name="beforeTest" is-config="true" duration-ms="796" started-at="2019-10-29T02:14:35Z" finished-at="2019-10-29T02:14:35Z">
          <reporter-output>
          </reporter-output>
        </test-method> <!-- beforeTest -->
        <test-method status="PASS" signature="createValidateAndDeleteEmployeeRecord()[pri:0, instance:dummyapiexample.restapi.tests.RestAPIExampleTests@47f37ef1]" name="createValidateAndDeleteEmployeeRecord" duration-ms="9676" started-at="2019-10-29T02:14:35Z" finished-at="2019-10-29T02:14:45Z">
          <reporter-output>
          </reporter-output>
        </test-method> <!-- createValidateAndDeleteEmployeeRecord -->
        <test-method status="PASS" signature="afterTest()[pri:0, instance:dummyapiexample.restapi.tests.RestAPIExampleTests@47f37ef1]" name="afterTest" is-config="true" duration-ms="3" started-at="2019-10-29T02:14:45Z" finished-at="2019-10-29T02:14:45Z">
          <reporter-output>
          </reporter-output>
        </test-method> <!-- afterTest -->
      </class> <!-- dummyapiexample.restapi.tests.RestAPIExampleTests -->
    </test> <!-- Default test -->
  </suite> <!-- Default suite -->
</testng-results>
